<?xml version="1.0" encoding="UTF-8"?>
<testsuite name="pl.braintelligence.todolist.BaseIntegrationTest" tests="0" skipped="0" failures="0" errors="0" timestamp="1970-01-01T00:00:00" hostname="polpc03758" time="0.0">
  <properties/>
  <system-out><![CDATA[15:56:42.638 [Test worker] DEBUG org.springframework.test.annotation.ProfileValueUtils - Retrieved @ProfileValueSourceConfiguration [null] for test class [pl.braintelligence.todolist.BaseIntegrationTest]
15:56:42.641 [Test worker] DEBUG org.springframework.test.annotation.ProfileValueUtils - Retrieved ProfileValueSource type [class org.springframework.test.annotation.SystemProfileValueSource] for class [pl.braintelligence.todolist.BaseIntegrationTest]
15:56:42.647 [Test worker] DEBUG org.springframework.test.context.BootstrapUtils - Instantiating CacheAwareContextLoaderDelegate from class [org.springframework.test.context.cache.DefaultCacheAwareContextLoaderDelegate]
15:56:42.652 [Test worker] DEBUG org.springframework.test.context.BootstrapUtils - Instantiating BootstrapContext using constructor [public org.springframework.test.context.support.DefaultBootstrapContext(java.lang.Class,org.springframework.test.context.CacheAwareContextLoaderDelegate)]
15:56:42.655 [Test worker] DEBUG org.springframework.test.context.BootstrapUtils - Instantiating TestContextBootstrapper for test class [pl.braintelligence.todolist.BaseIntegrationTest] from class [org.springframework.boot.test.context.SpringBootTestContextBootstrapper]
15:56:42.663 [Test worker] INFO org.springframework.boot.test.context.SpringBootTestContextBootstrapper - Neither @ContextConfiguration nor @ContextHierarchy found for test class [pl.braintelligence.todolist.BaseIntegrationTest], using SpringBootContextLoader
15:56:42.665 [Test worker] DEBUG org.springframework.test.context.support.AbstractContextLoader - Did not detect default resource location for test class [pl.braintelligence.todolist.BaseIntegrationTest]: class path resource [pl/braintelligence/todolist/BaseIntegrationTest-context.xml] does not exist
15:56:42.666 [Test worker] DEBUG org.springframework.test.context.support.AbstractContextLoader - Did not detect default resource location for test class [pl.braintelligence.todolist.BaseIntegrationTest]: class path resource [pl/braintelligence/todolist/BaseIntegrationTestContext.groovy] does not exist
15:56:42.666 [Test worker] INFO org.springframework.test.context.support.AbstractContextLoader - Could not detect default resource locations for test class [pl.braintelligence.todolist.BaseIntegrationTest]: no resource found for suffixes {-context.xml, Context.groovy}.
15:56:42.666 [Test worker] INFO org.springframework.test.context.support.AnnotationConfigContextLoaderUtils - Could not detect default configuration classes for test class [pl.braintelligence.todolist.BaseIntegrationTest]: BaseIntegrationTest does not declare any static, non-private, non-final, nested classes annotated with @Configuration.
15:56:42.697 [Test worker] DEBUG org.springframework.test.context.support.ActiveProfilesUtils - Could not find an 'annotation declaring class' for annotation type [org.springframework.test.context.ActiveProfiles] and class [pl.braintelligence.todolist.BaseIntegrationTest]
15:56:42.703 [Test worker] DEBUG org.springframework.core.env.StandardEnvironment - Adding PropertySource 'systemProperties' with lowest search precedence
15:56:42.703 [Test worker] DEBUG org.springframework.core.env.StandardEnvironment - Adding PropertySource 'systemEnvironment' with lowest search precedence
15:56:42.704 [Test worker] DEBUG org.springframework.core.env.StandardEnvironment - Initialized StandardEnvironment with PropertySources [MapPropertySource@881176865 {name='systemProperties', properties={java.runtime.name=Java(TM) SE Runtime Environment, sun.boot.library.path=/Library/Java/JavaVirtualMachines/jdk1.8.0_144.jdk/Contents/Home/jre/lib, java.vm.version=25.144-b01, gopherProxySet=false, java.vm.vendor=Oracle Corporation, java.vendor.url=http://java.oracle.com/, path.separator=:, java.vm.name=Java HotSpot(TM) 64-Bit Server VM, file.encoding.pkg=sun.io, sun.java.launcher=SUN_STANDARD, user.country=US, sun.os.patch.level=unknown, java.vm.specification.name=Java Virtual Machine Specification, user.dir=/Users/lukasz.sroczynski/all/private/repos/playgrounds/projects/ToDoList/to-do-list-layered-service, java.runtime.version=1.8.0_144-b01, java.awt.graphicsenv=sun.awt.CGraphicsEnvironment, java.endorsed.dirs=/Library/Java/JavaVirtualMachines/jdk1.8.0_144.jdk/Contents/Home/jre/lib/endorsed, os.arch=x86_64, java.io.tmpdir=/var/folders/rd/8jm70hv51q18wkw8w1cx41kn1n26hw/T/, line.separator=
, java.vm.specification.vendor=Oracle Corporation, user.variant=, os.name=Mac OS X, sun.jnu.encoding=UTF-8, java.library.path=/Users/lukasz.sroczynski/Library/Java/Extensions:/Library/Java/Extensions:/Network/Library/Java/Extensions:/System/Library/Java/Extensions:/usr/lib/java:., java.specification.name=Java Platform API Specification, java.class.version=52.0, org.gradle.native=false, sun.management.compiler=HotSpot 64-Bit Tiered Compilers, os.version=10.13.4, http.nonProxyHosts=local|*.local|169.254/16|*.169.254/16, user.home=/Users/lukasz.sroczynski, user.timezone=Europe/Warsaw, java.awt.printerjob=sun.lwawt.macosx.CPrinterJob, file.encoding=UTF-8, java.specification.version=1.8, java.class.path=/Users/lukasz.sroczynski/all/private/repos/playgrounds/projects/ToDoList/to-do-list-layered-service/build/classes/java/integrationTest:/Users/lukasz.sroczynski/all/private/repos/playgrounds/projects/ToDoList/to-do-list-layered-service/build/classes/groovy/integrationTest:/Users/lukasz.sroczynski/all/private/repos/playgrounds/projects/ToDoList/to-do-list-layered-service/build/resources/integrationTest:/Users/lukasz.sroczynski/.gradle/caches/modules-2/files-2.1/org.springframework/spring-web/5.0.6.RELEASE/89e89de3025165998118590613aedc6df8d64af6/spring-web-5.0.6.RELEASE.jar:/Users/lukasz.sroczynski/.gradle/caches/modules-2/files-2.1/org.springframework.boot/spring-boot-starter-test/2.0.2.RELEASE/d9e090412f318586e0f277e24740b79b58ef190b/spring-boot-starter-test-2.0.2.RELEASE.jar:/Users/lukasz.sroczynski/.gradle/caches/modules-2/files-2.1/org.spockframework/spock-spring/1.1-groovy-2.4/ba2e752469f955e76cfdb61cd64a36089619e05f/spock-spring-1.1-groovy-2.4.jar:/Users/lukasz.sroczynski/.gradle/caches/modules-2/files-2.1/com.github.tomakehurst/wiremock/2.17.0/5c370ecaee5e2a6d87bdba919056d9f5de11eeb7/wiremock-2.17.0.jar:/Users/lukasz.sroczynski/.gradle/caches/modules-2/files-2.1/org.awaitility/awaitility-groovy/3.1.0/e87f91fd77be2b9a25eacbe919bbf2106e432dce/awaitility-groovy-3.1.0.jar:/Users/lukasz.sroczynski/.gradle/caches/modules-2/files-2.1/org.springframework.boot/spring-boot-starter/2.0.2.RELEASE/1cda94f0dfcf2b065191782a54b84d2abf96391/spring-boot-starter-2.0.2.RELEASE.jar:/Users/lukasz.sroczynski/.gradle/caches/modules-2/files-2.1/org.springframework.boot/spring-boot-test-autoconfigure/2.0.2.RELEASE/4993bdd96a4c02bc5b5703862d99ef4c563f25d0/spring-boot-test-autoconfigure-2.0.2.RELEASE.jar:/Users/lukasz.sroczynski/.gradle/caches/modules-2/files-2.1/org.springframework.boot/spring-boot-test/2.0.2.RELEASE/fc85812e6543312a3b0ea9fbbdfd4a51183380a3/spring-boot-test-2.0.2.RELEASE.jar:/Users/lukasz.sroczynski/.gradle/caches/modules-2/files-2.1/org.springframework.boot/spring-boot-autoconfigure/2.0.2.RELEASE/f4b25e753e4955337a138d8b1550236b5efe5b3b/spring-boot-autoconfigure-2.0.2.RELEASE.jar:/Users/lukasz.sroczynski/.gradle/caches/modules-2/files-2.1/org.springframework.boot/spring-boot/2.0.2.RELEASE/15012cf02e9f77938244e554f0598535fdd1cb38/spring-boot-2.0.2.RELEASE.jar:/Users/lukasz.sroczynski/.gradle/caches/modules-2/files-2.1/org.springframework/spring-context/5.0.6.RELEASE/8b73b742ef0ddce04f0f1068f305de240b00ce0d/spring-context-5.0.6.RELEASE.jar:/Users/lukasz.sroczynski/.gradle/caches/modules-2/files-2.1/org.springframework/spring-aop/5.0.6.RELEASE/74078df698992054c1c1a8f705763a6c7b4b914c/spring-aop-5.0.6.RELEASE.jar:/Users/lukasz.sroczynski/.gradle/caches/modules-2/files-2.1/org.springframework/spring-beans/5.0.6.RELEASE/d609b83cd8a71650a70778cf8d02c9a05b9161fe/spring-beans-5.0.6.RELEASE.jar:/Users/lukasz.sroczynski/.gradle/caches/modules-2/files-2.1/org.springframework/spring-test/5.0.6.RELEASE/dbc99b288774b2e07d94bc14fe38d556bc3ed34a/spring-test-5.0.6.RELEASE.jar:/Users/lukasz.sroczynski/.gradle/caches/modules-2/files-2.1/org.springframework/spring-expression/5.0.6.RELEASE/dec57ae5e6f0dfd4c6cfc199aa13ed268c3e1a65/spring-expression-5.0.6.RELEASE.jar:/Users/lukasz.sroczynski/.gradle/caches/modules-2/files-2.1/org.springframework/spring-core/5.0.6.RELEASE/984a52455b1be596b7f1a29f62d21d2f483eb764/spring-core-5.0.6.RELEASE.jar:/Users/lukasz.sroczynski/.gradle/caches/modules-2/files-2.1/com.jayway.jsonpath/json-path/2.4.0/765a4401ceb2dc8d40553c2075eb80a8fa35c2ae/json-path-2.4.0.jar:/Users/lukasz.sroczynski/.gradle/caches/modules-2/files-2.1/org.spockframework/spock-core/1.1-groovy-2.4/1c42014d4a18995d5d4aa10a4e060e88f60fdf78/spock-core-1.1-groovy-2.4.jar:/Users/lukasz.sroczynski/.gradle/caches/modules-2/files-2.1/org.xmlunit/xmlunit-legacy/2.5.1/8c73fbce63d53dd873afe4b3de7d01026846fe0d/xmlunit-legacy-2.5.1.jar:/Users/lukasz.sroczynski/.gradle/caches/modules-2/files-2.1/junit/junit/4.12/2973d150c0dc1fefe998f834810d68f278ea58ec/junit-4.12.jar:/Users/lukasz.sroczynski/.gradle/caches/modules-2/files-2.1/org.assertj/assertj-core/3.9.1/c5ce126b15f28d56cd8f960c1a6a058b9c9aea87/assertj-core-3.9.1.jar:/Users/lukasz.sroczynski/.gradle/caches/modules-2/files-2.1/org.mockito/mockito-core/2.15.0/b84bfbbc29cd22c9529409627af6ea2897f4fa85/mockito-core-2.15.0.jar:/Users/lukasz.sroczynski/.gradle/caches/modules-2/files-2.1/org.awaitility/awaitility/3.1.0/b5e6a9bb43b175cb53f43d56257316c4916c5e11/awaitility-3.1.0.jar:/Users/lukasz.sroczynski/.gradle/caches/modules-2/files-2.1/org.hamcrest/hamcrest-library/1.3/4785a3c21320980282f9f33d0d1264a69040538f/hamcrest-library-1.3.jar:/Users/lukasz.sroczynski/.gradle/caches/modules-2/files-2.1/org.hamcrest/hamcrest-core/1.3/42a25dc3219429f0e5d060061f71acb49bf010a0/hamcrest-core-1.3.jar:/Users/lukasz.sroczynski/.gradle/caches/modules-2/files-2.1/org.skyscreamer/jsonassert/1.5.0/6c9d5fe2f59da598d9aefc1cfc6528ff3cf32df3/jsonassert-1.5.0.jar:/Users/lukasz.sroczynski/.gradle/caches/modules-2/files-2.1/org.xmlunit/xmlunit-core/2.5.1/4ffdb346572a7356f7521cd3119ce5287d2e339d/xmlunit-core-2.5.1.jar:/Users/lukasz.sroczynski/.gradle/caches/modules-2/files-2.1/org.codehaus.groovy/groovy-all/2.4.11/444a64af79c540aad257e49d95050e7c189f1309/groovy-all-2.4.11.jar:/Users/lukasz.sroczynski/.gradle/caches/modules-2/files-2.1/org.eclipse.jetty/jetty-webapp/9.2.24.v20180105/555daea1589044b647a50c137fc73dd91098248f/jetty-webapp-9.2.24.v20180105.jar:/Users/lukasz.sroczynski/.gradle/caches/modules-2/files-2.1/org.eclipse.jetty/jetty-servlet/9.2.24.v20180105/21fe471364a908faefbbfecfb273dab927b5e9f4/jetty-servlet-9.2.24.v20180105.jar:/Users/lukasz.sroczynski/.gradle/caches/modules-2/files-2.1/org.eclipse.jetty/jetty-security/9.2.24.v20180105/27378bd82a9e17d8f0e4b1cec2563bda6efe8c59/jetty-security-9.2.24.v20180105.jar:/Users/lukasz.sroczynski/.gradle/caches/modules-2/files-2.1/org.eclipse.jetty/jetty-server/9.2.24.v20180105/939a4edd1ab556f874f10f0c67fc7cf884a4d276/jetty-server-9.2.24.v20180105.jar:/Users/lukasz.sroczynski/.gradle/caches/modules-2/files-2.1/org.eclipse.jetty/jetty-servlets/9.2.24.v20180105/b9c4828634f72325548718f08e2d59463647bed2/jetty-servlets-9.2.24.v20180105.jar:/Users/lukasz.sroczynski/.gradle/caches/modules-2/files-2.1/com.google.guava/guava/20.0/89507701249388e1ed5ddcf8c41f4ce1be7831ef/guava-20.0.jar:/Users/lukasz.sroczynski/.gradle/caches/modules-2/files-2.1/com.flipkart.zjsonpatch/zjsonpatch/0.4.4/d46c5b83f457c5ba48b630da59f648caa89ee19e/zjsonpatch-0.4.4.jar:/Users/lukasz.sroczynski/.gradle/caches/modules-2/files-2.1/com.fasterxml.jackson.core/jackson-databind/2.8.11/569a9f220273024523799dba9dd358121b0ee09/jackson-databind-2.8.11.jar:/Users/lukasz.sroczynski/.gradle/caches/modules-2/files-2.1/com.fasterxml.jackson.core/jackson-core/2.8.11/876ead1db19f0c9e79c9789273a3ef8c6fd6c29b/jackson-core-2.8.11.jar:/Users/lukasz.sroczynski/.gradle/caches/modules-2/files-2.1/com.fasterxml.jackson.core/jackson-annotations/2.8.11/391de20b4e29cb3fb07d2454ace64be2c82ac91f/jackson-annotations-2.8.11.jar:/Users/lukasz.sroczynski/.gradle/caches/modules-2/files-2.1/org.apache.httpcomponents/httpclient/4.5.5/1603dfd56ebcd583ccdf337b6c3984ac55d89e58/httpclient-4.5.5.jar:/Users/lukasz.sroczynski/.gradle/caches/modules-2/files-2.1/com.github.jknack/handlebars-helpers/4.0.6/6aeaf8f563939982e451576323f95d3a8eb2b49b/handlebars-helpers-4.0.6.jar:/Users/lukasz.sroczynski/.gradle/caches/modules-2/files-2.1/com.github.jknack/handlebars/4.0.6/ccf00179b6648523e5c64b9b5fb783d89e42401b/handlebars-4.0.6.jar:/Users/lukasz.sroczynski/.gradle/caches/modules-2/files-2.1/org.springframework.boot/spring-boot-starter-logging/2.0.2.RELEASE/b56d7d1931792d6e58dbd41f956912359ba85238/spring-boot-starter-logging-2.0.2.RELEASE.jar:/Users/lukasz.sroczynski/.gradle/caches/modules-2/files-2.1/ch.qos.logback/logback-classic/1.2.3/7c4f3c474fb2c041d8028740440937705ebb473a/logback-classic-1.2.3.jar:/Users/lukasz.sroczynski/.gradle/caches/modules-2/files-2.1/org.apache.logging.log4j/log4j-to-slf4j/2.10.0/f7e631ccf49cfc0aefa4a2a728da7d374c05bd3c/log4j-to-slf4j-2.10.0.jar:/Users/lukasz.sroczynski/.gradle/caches/modules-2/files-2.1/org.slf4j/jul-to-slf4j/1.7.25/af5364cd6679bfffb114f0dec8a157aaa283b76/jul-to-slf4j-1.7.25.jar:/Users/lukasz.sroczynski/.gradle/caches/modules-2/files-2.1/org.slf4j/slf4j-api/1.7.25/da76ca59f6a57ee3102f8f9bd9cee742973efa8a/slf4j-api-1.7.25.jar:/Users/lukasz.sroczynski/.gradle/caches/modules-2/files-2.1/net.sf.jopt-simple/jopt-simple/5.0.3/cdd846cfc4e0f7eefafc02c0f5dce32b9303aa2a/jopt-simple-5.0.3.jar:/Users/lukasz.sroczynski/.gradle/caches/modules-2/files-2.1/org.apache.commons/commons-lang3/3.7/557edd918fd41f9260963583ebf5a61a43a6b423/commons-lang3-3.7.jar:/Users/lukasz.sroczynski/.gradle/caches/modules-2/files-2.1/org.springframework/spring-jcl/5.0.6.RELEASE/295ee4e8657e9c1fd327735c01d5fbce339cc44d/spring-jcl-5.0.6.RELEASE.jar:/Users/lukasz.sroczynski/.gradle/caches/modules-2/files-2.1/javax.annotation/javax.annotation-api/1.3.2/934c04d3cfef185a8008e7bf34331b79730a9d43/javax.annotation-api-1.3.2.jar:/Users/lukasz.sroczynski/.gradle/caches/modules-2/files-2.1/org.yaml/snakeyaml/1.19/2d998d3d674b172a588e54ab619854d073f555b5/snakeyaml-1.19.jar:/Users/lukasz.sroczynski/.gradle/caches/modules-2/files-2.1/net.minidev/json-smart/2.3/7396407491352ce4fa30de92efb158adb76b5b/json-smart-2.3.jar:/Users/lukasz.sroczynski/.gradle/caches/modules-2/files-2.1/net.bytebuddy/byte-buddy/1.7.9/51218a01a882c04d0aba8c028179cce488bbcb58/byte-buddy-1.7.9.jar:/Users/lukasz.sroczynski/.gradle/caches/modules-2/files-2.1/net.bytebuddy/byte-buddy-agent/1.7.9/a6c65f9da7f467ee1f02ff2841ffd3155aee2fc9/byte-buddy-agent-1.7.9.jar:/Users/lukasz.sroczynski/.gradle/caches/modules-2/files-2.1/org.objenesis/objenesis/2.6/639033469776fd37c08358c6b92a4761feb2af4b/objenesis-2.6.jar:/Users/lukasz.sroczynski/.gradle/caches/modules-2/files-2.1/com.vaadin.external.google/android-json/0.0.20131108.vaadin1/fa26d351fe62a6a17f5cda1287c1c6110dec413f/android-json-0.0.20131108.vaadin1.jar:/Users/lukasz.sroczynski/.gradle/caches/modules-2/files-2.1/javax.servlet/javax.servlet-api/3.1.0/3cd63d075497751784b2fa84be59432f4905bf7c/javax.servlet-api-3.1.0.jar:/Users/lukasz.sroczynski/.gradle/caches/modules-2/files-2.1/org.eclipse.jetty/jetty-http/9.2.24.v20180105/391d0a1545a2916b24605ddb22f636a63086048d/jetty-http-9.2.24.v20180105.jar:/Users/lukasz.sroczynski/.gradle/caches/modules-2/files-2.1/org.eclipse.jetty/jetty-io/9.2.24.v20180105/be1c08b859e420a066166e4c7411c1a66752ddd/jetty-io-9.2.24.v20180105.jar:/Users/lukasz.sroczynski/.gradle/caches/modules-2/files-2.1/org.eclipse.jetty/jetty-continuation/9.2.24.v20180105/4de97aaac685a68d6d8b9e5eb6504f79a5f9c45e/jetty-continuation-9.2.24.v20180105.jar:/Users/lukasz.sroczynski/.gradle/caches/modules-2/files-2.1/org.eclipse.jetty/jetty-xml/9.2.24.v20180105/39270536549b584ee13f794cab5f638783cdef99/jetty-xml-9.2.24.v20180105.jar:/Users/lukasz.sroczynski/.gradle/caches/modules-2/files-2.1/org.eclipse.jetty/jetty-util/9.2.24.v20180105/66a65b2b78b3a67f359a0bb640c4c59197156f05/jetty-util-9.2.24.v20180105.jar:/Users/lukasz.sroczynski/.gradle/caches/modules-2/files-2.1/org.apache.httpcomponents/httpcore/4.4.9/a86ce739e5a7175b4b234c290a00a5fdb80957a0/httpcore-4.4.9.jar:/Users/lukasz.sroczynski/.gradle/caches/modules-2/files-2.1/commons-logging/commons-logging/1.2/4bfc12adfe4842bf07b657f0369c4cb522955686/commons-logging-1.2.jar:/Users/lukasz.sroczynski/.gradle/caches/modules-2/files-2.1/commons-codec/commons-codec/1.10/4b95f4897fa13f2cd904aee711aeafc0c5295cd8/commons-codec-1.10.jar:/Users/lukasz.sroczynski/.gradle/caches/modules-2/files-2.1/org.antlr/antlr4-runtime/4.5.1-1/66144204f9d6d7d3f3f775622c2dd7e9bd511d97/antlr4-runtime-4.5.1-1.jar:/Users/lukasz.sroczynski/.gradle/caches/modules-2/files-2.1/net.minidev/accessors-smart/1.2/c592b500269bfde36096641b01238a8350f8aa31/accessors-smart-1.2.jar:/Users/lukasz.sroczynski/.gradle/caches/modules-2/files-2.1/org.mozilla/rhino/1.7R4/e982f2136574b9a423186fbaeaaa98dc3e5a5288/rhino-1.7R4.jar:/Users/lukasz.sroczynski/.gradle/caches/modules-2/files-2.1/ch.qos.logback/logback-core/1.2.3/864344400c3d4d92dfeb0a305dc87d953677c03c/logback-core-1.2.3.jar:/Users/lukasz.sroczynski/.gradle/caches/modules-2/files-2.1/org.apache.logging.log4j/log4j-api/2.10.0/fec5797a55b786184a537abd39c3fa1449d752d6/log4j-api-2.10.0.jar:/Users/lukasz.sroczynski/.gradle/caches/modules-2/files-2.1/org.ow2.asm/asm/5.0.4/da08b8cce7bbf903602a25a3a163ae252435795/asm-5.0.4.jar:/Users/lukasz.sroczynski/all/private/repos/playgrounds/projects/ToDoList/to-do-list-layered-service/build/classes/java/main:/Users/lukasz.sroczynski/all/private/repos/playgrounds/projects/ToDoList/to-do-list-layered-service/build/classes/groovy/main:/Users/lukasz.sroczynski/all/private/repos/playgrounds/projects/ToDoList/to-do-list-layered-service/build/resources/main:/Users/lukasz.sroczynski/.gradle/caches/modules-2/files-2.1/org.springframework.boot/spring-boot-starter-web/2.0.2.RELEASE/b6ef0cf4d0a7c6c7e93ff524b84cd1d8f87f67d9/spring-boot-starter-web-2.0.2.RELEASE.jar:/Users/lukasz.sroczynski/.gradle/caches/modules-2/files-2.1/org.springframework.boot/spring-boot-starter-data-mongodb/2.0.2.RELEASE/b7ea7325e4609728db2da641c5071d7a9972c4f/spring-boot-starter-data-mongodb-2.0.2.RELEASE.jar:/Users/lukasz.sroczynski/.gradle/caches/modules-2/files-2.1/org.springframework.boot/spring-boot-starter-mail/2.0.2.RELEASE/3002d89b135da999556b6e9c8243b64793aaeaf6/spring-boot-starter-mail-2.0.2.RELEASE.jar:/Users/lukasz.sroczynski/.gradle/caches/modules-2/files-2.1/de.flapdoodle.embed/de.flapdoodle.embed.mongo/2.0.3/ebd8f3f05a4095877b4ca73a1fbd5ac2e9efb853/de.flapdoodle.embed.mongo-2.0.3.jar:/Users/lukasz.sroczynski/.gradle/caches/modules-2/files-2.1/de.flapdoodle.embed/de.flapdoodle.embed.process/2.0.2/7fe480f5a233ca5a485d8f5f48616f749adf1807/de.flapdoodle.embed.process-2.0.2.jar:/Users/lukasz.sroczynski/.gradle/caches/modules-2/files-2.1/org.apache.commons/commons-collections4/4.1/a4cf4688fe1c7e3a63aa636cc96d013af537768e/commons-collections4-4.1.jar:/Users/lukasz.sroczynski/.gradle/caches/modules-2/files-2.1/org.springframework.boot/spring-boot-starter-json/2.0.2.RELEASE/5edda979838ced5314b8f58a958fe9d6b4b3badd/spring-boot-starter-json-2.0.2.RELEASE.jar:/Users/lukasz.sroczynski/.gradle/caches/modules-2/files-2.1/org.springframework.boot/spring-boot-starter-tomcat/2.0.2.RELEASE/cedbfb18762e1c220007c768bfc5b773f5b30f8a/spring-boot-starter-tomcat-2.0.2.RELEASE.jar:/Users/lukasz.sroczynski/.gradle/caches/modules-2/files-2.1/org.hibernate.validator/hibernate-validator/6.0.9.Final/b149e4cce82379f11f6129eb3187ca8ae5404005/hibernate-validator-6.0.9.Final.jar:/Users/lukasz.sroczynski/.gradle/caches/modules-2/files-2.1/org.springframework/spring-webmvc/5.0.6.RELEASE/1361c5d1cf46665ee01de5dc1ca447c3be174c19/spring-webmvc-5.0.6.RELEASE.jar:/Users/lukasz.sroczynski/.gradle/caches/modules-2/files-2.1/org.mongodb/mongodb-driver/3.6.3/d462fcc4640ac69b35e7cd2491e992c6bdf82862/mongodb-driver-3.6.3.jar:/Users/lukasz.sroczynski/.gradle/caches/modules-2/files-2.1/org.springframework.data/spring-data-mongodb/2.0.7.RELEASE/e5c5d40d4dce7ce909e1dce87baddeeba934e1f0/spring-data-mongodb-2.0.7.RELEASE.jar:/Users/lukasz.sroczynski/.gradle/caches/modules-2/files-2.1/org.springframework/spring-context-support/5.0.6.RELEASE/9961449bf84597c056fc82ed2f7e4148e15a8397/spring-context-support-5.0.6.RELEASE.jar:/Users/lukasz.sroczynski/.gradle/caches/modules-2/files-2.1/com.sun.mail/javax.mail/1.6.1/757ba4630692bb2a1ec2d9d57a616b63f15e947e/javax.mail-1.6.1.jar:/Users/lukasz.sroczynski/.gradle/caches/modules-2/files-2.1/org.springframework/spring-tx/5.0.6.RELEASE/1b6ffc44f2d59507a0fce1084fcc21788b13904/spring-tx-5.0.6.RELEASE.jar:/Users/lukasz.sroczynski/.gradle/caches/modules-2/files-2.1/org.springframework.data/spring-data-commons/2.0.7.RELEASE/7faa0fb2ffa50a5c50ad9f10118095ae24d5c6e1/spring-data-commons-2.0.7.RELEASE.jar:/Users/lukasz.sroczynski/.gradle/caches/modules-2/files-2.1/com.fasterxml.jackson.datatype/jackson-datatype-jdk8/2.9.5/23e37f085279ba316c0df923513b81609e1d1f6/jackson-datatype-jdk8-2.9.5.jar:/Users/lukasz.sroczynski/.gradle/caches/modules-2/files-2.1/com.fasterxml.jackson.datatype/jackson-datatype-jsr310/2.9.5/d1f0d11e816bc04e222a261106ca138801841c2d/jackson-datatype-jsr310-2.9.5.jar:/Users/lukasz.sroczynski/.gradle/caches/modules-2/files-2.1/com.fasterxml.jackson.module/jackson-module-parameter-names/2.9.5/f824c60751ffb7bfc3a0d30dfe0e42317d8e67f5/jackson-module-parameter-names-2.9.5.jar:/Users/lukasz.sroczynski/.gradle/caches/modules-2/files-2.1/com.fasterxml.jackson.core/jackson-databind/2.9.5/3490508379d065fe3fcb80042b62f630f7588606/jackson-databind-2.9.5.jar:/Users/lukasz.sroczynski/.gradle/caches/modules-2/files-2.1/org.apache.tomcat.embed/tomcat-embed-websocket/8.5.31/6564e716b89de5eaa0dd234ae7989576503ddf3/tomcat-embed-websocket-8.5.31.jar:/Users/lukasz.sroczynski/.gradle/caches/modules-2/files-2.1/org.apache.tomcat.embed/tomcat-embed-core/8.5.31/f5adf7ed8c34aa005b22b6a2dc7b6796e10e9c79/tomcat-embed-core-8.5.31.jar:/Users/lukasz.sroczynski/.gradle/caches/modules-2/files-2.1/org.apache.tomcat.embed/tomcat-embed-el/8.5.31/3a536e1ac71b82627c3a7408eb38fa0704cb9034/tomcat-embed-el-8.5.31.jar:/Users/lukasz.sroczynski/.gradle/caches/modules-2/files-2.1/javax.validation/validation-api/2.0.1.Final/cb855558e6271b1b32e716d24cb85c7f583ce09e/validation-api-2.0.1.Final.jar:/Users/lukasz.sroczynski/.gradle/caches/modules-2/files-2.1/org.jboss.logging/jboss-logging/3.3.2.Final/3789d00e859632e6c6206adc0c71625559e6e3b0/jboss-logging-3.3.2.Final.jar:/Users/lukasz.sroczynski/.gradle/caches/modules-2/files-2.1/com.fasterxml/classmate/1.3.4/3d5f48f10bbe4eb7bd862f10c0583be2e0053c6/classmate-1.3.4.jar:/Users/lukasz.sroczynski/.gradle/caches/modules-2/files-2.1/org.mongodb/mongodb-driver-core/3.6.3/f2c41ad5349cdb65a6f7bde16f5ebae9a0dbe5f5/mongodb-driver-core-3.6.3.jar:/Users/lukasz.sroczynski/.gradle/caches/modules-2/files-2.1/org.mongodb/bson/3.6.3/6c85ddf1fc96eb8776213bef6665d005a564ecd3/bson-3.6.3.jar:/Users/lukasz.sroczynski/.gradle/caches/modules-2/files-2.1/javax.activation/activation/1.1/e6cb541461c2834bdea3eb920f1884d1eb508b50/activation-1.1.jar:/Users/lukasz.sroczynski/.gradle/caches/modules-2/files-2.1/commons-io/commons-io/2.4/b1b6ea3b7e4aa4f492509a4952029cd8e48019ad/commons-io-2.4.jar:/Users/lukasz.sroczynski/.gradle/caches/modules-2/files-2.1/net.java.dev.jna/jna-platform/4.0.0/deb6bf66918989b50209b8c9aaf3b2561af7f011/jna-platform-4.0.0.jar:/Users/lukasz.sroczynski/.gradle/caches/modules-2/files-2.1/net.java.dev.jna/jna/4.0.0/9b3a11c613ec3fd3440af4103b12c3de82d38b6e/jna-4.0.0.jar:/Users/lukasz.sroczynski/.gradle/caches/modules-2/files-2.1/org.apache.commons/commons-compress/1.10/5eeb27c57eece1faf2d837868aeccc94d84dcc9a/commons-compress-1.10.jar:/Users/lukasz.sroczynski/.gradle/caches/modules-2/files-2.1/com.fasterxml.jackson.core/jackson-annotations/2.9.0/7c10d545325e3a6e72e06381afe469fd40eb701/jackson-annotations-2.9.0.jar:/Users/lukasz.sroczynski/.gradle/caches/modules-2/files-2.1/com.fasterxml.jackson.core/jackson-core/2.9.5/a22ac51016944b06fd9ffbc9541c6e7ce5eea117/jackson-core-2.9.5.jar:/Users/lukasz.sroczynski/.gradle/caches/modules-2/files-2.1/org.apache.tomcat/tomcat-annotations-api/8.5.31/f0758d8b5d1404cc25f98945bdd5959699658b4a/tomcat-annotations-api-8.5.31.jar, user.name=lukasz.sroczynski, java.vm.specification.version=1.8, sun.java.command=worker.org.gradle.process.internal.worker.GradleWorkerMain 'Gradle Test Executor 2', java.home=/Library/Java/JavaVirtualMachines/jdk1.8.0_144.jdk/Contents/Home/jre, sun.arch.data.model=64, user.language=en, java.specification.vendor=Oracle Corporation, awt.toolkit=sun.lwawt.macosx.LWCToolkit, java.vm.info=mixed mode, java.version=1.8.0_144, java.ext.dirs=/Users/lukasz.sroczynski/Library/Java/Extensions:/Library/Java/JavaVirtualMachines/jdk1.8.0_144.jdk/Contents/Home/jre/lib/ext:/Library/Java/Extensions:/Network/Library/Java/Extensions:/System/Library/Java/Extensions:/usr/lib/java, sun.boot.class.path=/Library/Java/JavaVirtualMachines/jdk1.8.0_144.jdk/Contents/Home/jre/lib/resources.jar:/Library/Java/JavaVirtualMachines/jdk1.8.0_144.jdk/Contents/Home/jre/lib/rt.jar:/Library/Java/JavaVirtualMachines/jdk1.8.0_144.jdk/Contents/Home/jre/lib/sunrsasign.jar:/Library/Java/JavaVirtualMachines/jdk1.8.0_144.jdk/Contents/Home/jre/lib/jsse.jar:/Library/Java/JavaVirtualMachines/jdk1.8.0_144.jdk/Contents/Home/jre/lib/jce.jar:/Library/Java/JavaVirtualMachines/jdk1.8.0_144.jdk/Contents/Home/jre/lib/charsets.jar:/Library/Java/JavaVirtualMachines/jdk1.8.0_144.jdk/Contents/Home/jre/lib/jfr.jar:/Library/Java/JavaVirtualMachines/jdk1.8.0_144.jdk/Contents/Home/jre/classes, java.vendor=Oracle Corporation, org.gradle.test.worker=2, file.separator=/, java.vendor.url.bug=http://bugreport.sun.com/bugreport/, sun.io.unicode.encoding=UnicodeBig, sun.cpu.endian=little, socksNonProxyHosts=local|*.local|169.254/16|*.169.254/16, ftp.nonProxyHosts=local|*.local|169.254/16|*.169.254/16, sun.cpu.isalist=}}, SystemEnvironmentPropertySource@1691515043 {name='systemEnvironment', properties={PATH=/Library/Frameworks/Python.framework/Versions/3.4/bin:/Users/lukasz.sroczynski/anaconda/bin:/usr/local/share/python:/Users/lukasz.sroczynski/bin:/usr/local/bin:/usr/local/bin:/usr/bin:/bin:/usr/sbin:/sbin, JAVA_ARCH=x86_64, JAVA_MAIN_CLASS_62293=worker.org.gradle.process.internal.worker.GradleWorkerMain, TERM=xterm-256color, RESET=?(B?[m, GROOVY_HOME=/usr/local/opt/groovy/libexec, OMF_PATH=/Users/lukasz.sroczynski/.local/share/omf, JAVA_MAIN_CLASS_62281=org.gradle.wrapper.GradleWrapperMain, LOGNAME=lukasz.sroczynski, BOLD=?[1m, XPC_SERVICE_NAME=0, PWD=/Users/lukasz.sroczynski/all/private/repos/playgrounds/projects/ToDoList/to-do-list-layered-service, ORANGE=?[38;5;166m, PYTHONPATH=/usr/local/Cellar/apache-spark/2.0.1/libexec/python/:$, WHITE=?[38;5;244m, APP_NAME_62281=Gradle, SHELL=/bin/bash, LSCOLORS=ExFxCxDxBxegedabagacad, APP_ICON_62281=/Users/lukasz.sroczynski/all/private/repos/playgrounds/projects/ToDoList/to-do-list-layered-service/media/gradle.icns, PURPLE=?[38;5;61m, OLDPWD=/Users/lukasz.sroczynski/all/private/repos/playgrounds/projects/ToDoList/to-do-list-layered-service, USER=lukasz.sroczynski, CLICOLOR=1, OMF_CONFIG=/Users/lukasz.sroczynski/.config/omf, GREEN=?[38;5;64m, TMPDIR=/var/folders/rd/8jm70hv51q18wkw8w1cx41kn1n26hw/T/, SSH_AUTH_SOCK=/private/tmp/com.apple.launchd.IJ68RmBk49/Listeners, XPC_FLAGS=0x0, __CF_USER_TEXT_ENCODING=0x43511A1C:0x0:0x0, Apple_PubSub_Socket_Render=/private/tmp/com.apple.launchd.mxP18DTs7V/Render, com.apple.java.jvmTask=CommandLine, MAGENTA=?[38;5;125m, LC_CTYPE=en_US.UTF-8, HOME=/Users/lukasz.sroczynski, SHLVL=2}}]
15:56:42.715 [Test worker] DEBUG org.springframework.core.io.support.PathMatchingResourcePatternResolver - Resolved classpath location [pl/braintelligence/todolist/] to resources [URL [file:/Users/lukasz.sroczynski/all/private/repos/playgrounds/projects/ToDoList/to-do-list-layered-service/build/classes/groovy/integrationTest/pl/braintelligence/todolist/], URL [file:/Users/lukasz.sroczynski/all/private/repos/playgrounds/projects/ToDoList/to-do-list-layered-service/build/classes/java/main/pl/braintelligence/todolist/]]
15:56:42.716 [Test worker] DEBUG org.springframework.core.io.support.PathMatchingResourcePatternResolver - Looking for matching resources in directory tree [/Users/lukasz.sroczynski/all/private/repos/playgrounds/projects/ToDoList/to-do-list-layered-service/build/classes/groovy/integrationTest/pl/braintelligence/todolist]
15:56:42.716 [Test worker] DEBUG org.springframework.core.io.support.PathMatchingResourcePatternResolver - Searching directory [/Users/lukasz.sroczynski/all/private/repos/playgrounds/projects/ToDoList/to-do-list-layered-service/build/classes/groovy/integrationTest/pl/braintelligence/todolist] for files matching pattern [/Users/lukasz.sroczynski/all/private/repos/playgrounds/projects/ToDoList/to-do-list-layered-service/build/classes/groovy/integrationTest/pl/braintelligence/todolist/*.class]
15:56:42.718 [Test worker] DEBUG org.springframework.core.io.support.PathMatchingResourcePatternResolver - Looking for matching resources in directory tree [/Users/lukasz.sroczynski/all/private/repos/playgrounds/projects/ToDoList/to-do-list-layered-service/build/classes/java/main/pl/braintelligence/todolist]
15:56:42.719 [Test worker] DEBUG org.springframework.core.io.support.PathMatchingResourcePatternResolver - Searching directory [/Users/lukasz.sroczynski/all/private/repos/playgrounds/projects/ToDoList/to-do-list-layered-service/build/classes/java/main/pl/braintelligence/todolist] for files matching pattern [/Users/lukasz.sroczynski/all/private/repos/playgrounds/projects/ToDoList/to-do-list-layered-service/build/classes/java/main/pl/braintelligence/todolist/*.class]
15:56:42.720 [Test worker] DEBUG org.springframework.core.io.support.PathMatchingResourcePatternResolver - Resolved location pattern [classpath*:pl/braintelligence/todolist/*.class] to resources [file [/Users/lukasz.sroczynski/all/private/repos/playgrounds/projects/ToDoList/to-do-list-layered-service/build/classes/groovy/integrationTest/pl/braintelligence/todolist/BaseIntegrationTest.class], file [/Users/lukasz.sroczynski/all/private/repos/playgrounds/projects/ToDoList/to-do-list-layered-service/build/classes/java/main/pl/braintelligence/todolist/Application.class]]
15:56:42.762 [Test worker] DEBUG org.springframework.context.annotation.ClassPathScanningCandidateComponentProvider - Identified candidate component class: file [/Users/lukasz.sroczynski/all/private/repos/playgrounds/projects/ToDoList/to-do-list-layered-service/build/classes/java/main/pl/braintelligence/todolist/Application.class]
15:56:42.764 [Test worker] INFO org.springframework.boot.test.context.SpringBootTestContextBootstrapper - Found @SpringBootConfiguration pl.braintelligence.todolist.Application for test class pl.braintelligence.todolist.BaseIntegrationTest
15:56:42.859 [Test worker] DEBUG org.springframework.boot.test.context.SpringBootTestContextBootstrapper - @TestExecutionListeners is not present for class [pl.braintelligence.todolist.BaseIntegrationTest]: using defaults.
15:56:42.859 [Test worker] INFO org.springframework.boot.test.context.SpringBootTestContextBootstrapper - Loaded default TestExecutionListener class names from location [META-INF/spring.factories]: [org.springframework.boot.test.autoconfigure.restdocs.RestDocsTestExecutionListener, org.springframework.boot.test.autoconfigure.web.client.MockRestServiceServerResetTestExecutionListener, org.springframework.boot.test.autoconfigure.web.servlet.MockMvcPrintOnlyOnFailureTestExecutionListener, org.springframework.boot.test.autoconfigure.web.servlet.WebDriverTestExecutionListener, org.springframework.boot.test.mock.mockito.MockitoTestExecutionListener, org.springframework.boot.test.mock.mockito.ResetMocksTestExecutionListener, org.springframework.test.context.web.ServletTestExecutionListener, org.springframework.test.context.support.DirtiesContextBeforeModesTestExecutionListener, org.springframework.test.context.support.DependencyInjectionTestExecutionListener, org.springframework.test.context.support.DirtiesContextTestExecutionListener, org.springframework.test.context.transaction.TransactionalTestExecutionListener, org.springframework.test.context.jdbc.SqlScriptsTestExecutionListener]
15:56:42.875 [Test worker] INFO org.springframework.boot.test.context.SpringBootTestContextBootstrapper - Using TestExecutionListeners: [org.springframework.test.context.web.ServletTestExecutionListener@23fcaf75, org.springframework.test.context.support.DirtiesContextBeforeModesTestExecutionListener@5f81ccb2, org.springframework.boot.test.mock.mockito.MockitoTestExecutionListener@6f20e967, org.springframework.boot.test.autoconfigure.SpringBootDependencyInjectionTestExecutionListener@4daf5445, org.springframework.test.context.support.DirtiesContextTestExecutionListener@b6ecd82, org.springframework.test.context.transaction.TransactionalTestExecutionListener@5a5b6401, org.springframework.test.context.jdbc.SqlScriptsTestExecutionListener@3258d5fc, org.springframework.boot.test.autoconfigure.restdocs.RestDocsTestExecutionListener@5e2a28e, org.springframework.boot.test.autoconfigure.web.client.MockRestServiceServerResetTestExecutionListener@781d6d6d, org.springframework.boot.test.autoconfigure.web.servlet.MockMvcPrintOnlyOnFailureTestExecutionListener@79e77503, org.springframework.boot.test.autoconfigure.web.servlet.WebDriverTestExecutionListener@de4a8f6, org.springframework.boot.test.mock.mockito.ResetMocksTestExecutionListener@1d828d16]
15:56:43.044 [Test worker] DEBUG org.springframework.test.context.support.AbstractDirtiesContextTestExecutionListener - Before test class: context [DefaultTestContext@6690e0f4 testClass = BaseIntegrationTest, testInstance = [null], testMethod = [null], testException = [null], mergedContextConfiguration = [WebMergedContextConfiguration@3fca26d3 testClass = BaseIntegrationTest, locations = '{}', classes = '{class pl.braintelligence.todolist.Application}', contextInitializerClasses = '[]', activeProfiles = '{}', propertySourceLocations = '{}', propertySourceProperties = '{org.springframework.boot.test.context.SpringBootTestContextBootstrapper=true, server.port=0}', contextCustomizers = set[org.springframework.boot.test.autoconfigure.properties.PropertyMappingContextCustomizer@0, org.springframework.boot.test.autoconfigure.web.servlet.WebDriverContextCustomizerFactory$Customizer@7a0bc6e7, org.springframework.boot.test.context.filter.ExcludeFilterContextCustomizer@22b71596, org.springframework.boot.test.json.DuplicateJsonObjectContextCustomizerFactory$DuplicateJsonObjectContextCustomizer@6054f40a, org.springframework.boot.test.mock.mockito.MockitoContextCustomizer@0, org.springframework.boot.test.web.client.TestRestTemplateContextCustomizer@4883a760], resourceBasePath = 'src/main/webapp', contextLoader = 'org.springframework.boot.test.context.SpringBootContextLoader', parent = [null]], attributes = map['org.springframework.test.context.web.ServletTestExecutionListener.activateListener' -> false]], class annotated with @DirtiesContext [false] with mode [null].
15:56:43.045 [Test worker] DEBUG org.springframework.test.context.support.AbstractDirtiesContextTestExecutionListener - After test class: context [DefaultTestContext@6690e0f4 testClass = BaseIntegrationTest, testInstance = [null], testMethod = [null], testException = [null], mergedContextConfiguration = [WebMergedContextConfiguration@3fca26d3 testClass = BaseIntegrationTest, locations = '{}', classes = '{class pl.braintelligence.todolist.Application}', contextInitializerClasses = '[]', activeProfiles = '{}', propertySourceLocations = '{}', propertySourceProperties = '{org.springframework.boot.test.context.SpringBootTestContextBootstrapper=true, server.port=0}', contextCustomizers = set[org.springframework.boot.test.autoconfigure.properties.PropertyMappingContextCustomizer@0, org.springframework.boot.test.autoconfigure.web.servlet.WebDriverContextCustomizerFactory$Customizer@7a0bc6e7, org.springframework.boot.test.context.filter.ExcludeFilterContextCustomizer@22b71596, org.springframework.boot.test.json.DuplicateJsonObjectContextCustomizerFactory$DuplicateJsonObjectContextCustomizer@6054f40a, org.springframework.boot.test.mock.mockito.MockitoContextCustomizer@0, org.springframework.boot.test.web.client.TestRestTemplateContextCustomizer@4883a760], resourceBasePath = 'src/main/webapp', contextLoader = 'org.springframework.boot.test.context.SpringBootContextLoader', parent = [null]], attributes = map['org.springframework.test.context.web.ServletTestExecutionListener.activateListener' -> false]], class annotated with @DirtiesContext [false] with mode [null].
]]></system-out>
  <system-err><![CDATA[]]></system-err>
</testsuite>
